<?xml version="1.0" encoding="UTF-8"?>
<!-- Generated by org.testng.reporters.JUnitXMLReporter -->
<testsuite ignored="0" hostname="CAN_REN_0013" failures="1" tests="1" name="Click All Top Buttons" time="0.073" errors="0" timestamp="2024-09-16T20:34:31 IST">
  <testcase classname="testCases.Click_All_Top_Buttons" name="clickTopBtn" time="0.017">
    <failure type="java.lang.NullPointerException" message="Cannot invoke &amp;quot;org.openqa.selenium.WebElement.click()&amp;quot; because &amp;quot;pageObject.About_Page_Page_Objects.aboutPageObjects&amp;quot; is null">
      <![CDATA[java.lang.NullPointerException: Cannot invoke "org.openqa.selenium.WebElement.click()" because "pageObject.About_Page_Page_Objects.aboutPageObjects" is null
at testCases.Click_All_Top_Buttons.clickTopBtn(Click_All_Top_Buttons.java:19)
at java.base/java.util.ArrayList.forEach(ArrayList.java:1597)
... Removed 25 stack frames]]>
    </failure>
  </testcase> <!-- clickTopBtn -->
</testsuite> <!-- Click All Top Buttons -->
