<?xml version="1.0" encoding="UTF-8"?>
<testng-results ignored="0" total="2" passed="2" failed="0" skipped="0">
  <reporter-output>
  </reporter-output>
  <suite started-at="2024-09-16T22:51:14 IST" name="Canvendor Website Suite" finished-at="2024-09-16T22:51:26 IST" duration-ms="11959">
    <groups>
    </groups>
    <test started-at="2024-09-16T22:51:14 IST" name="Test Top Navigation Buttons" finished-at="2024-09-16T22:51:15 IST" duration-ms="854">
      <class name="testCases.Click_Top__Navigation_Button">
        <test-method signature="clickTopBtn()[pri:0, instance:testCases.Click_Top__Navigation_Button@443118b0]" started-at="2024-09-16T22:51:14 IST" name="clickTopBtn" finished-at="2024-09-16T22:51:15 IST" duration-ms="813" status="PASS">
          <reporter-output>
          </reporter-output>
        </test-method> <!-- clickTopBtn -->
      </class> <!-- testCases.Click_Top__Navigation_Button -->
    </test> <!-- Test Top Navigation Buttons -->
    <test started-at="2024-09-16T22:51:15 IST" name="Test Top All Services " finished-at="2024-09-16T22:51:26 IST" duration-ms="11018">
      <class name="testCases.Click_All_Service_Options">
        <test-method is-config="true" signature="launchBrowser()[pri:0, instance:testCases.Click_All_Service_Options@229f66ed]" started-at="2024-09-16T22:51:09 IST" name="launchBrowser" finished-at="2024-09-16T22:51:14 IST" duration-ms="5234" status="PASS">
          <reporter-output>
          </reporter-output>
        </test-method> <!-- launchBrowser -->
        <test-method signature="serviceOptions()[pri:0, instance:testCases.Click_All_Service_Options@229f66ed]" started-at="2024-09-16T22:51:15 IST" name="serviceOptions" finished-at="2024-09-16T22:51:26 IST" duration-ms="11013" status="PASS">
          <reporter-output>
          </reporter-output>
        </test-method> <!-- serviceOptions -->
      </class> <!-- testCases.Click_All_Service_Options -->
    </test> <!-- Test Top All Services  -->
  </suite> <!-- Canvendor Website Suite -->
</testng-results>
